<?xml version="1.0" encoding="UTF-8" ?>
<testsuite tests="46" failures="0" name="org.apache.struts.action.TestDynaActionForm" time="0.061" errors="0" skipped="0">
  <properties>
[...]
</properties>
  <testcase classname="org.apache.struts.action.TestDynaActionForm" name="testBeanCreate" time="0.003"/>
  <testcase classname="org.apache.struts.action.TestDynaActionForm" name="testGetSimpleInt" time="0.002"/>
  <testcase classname="org.apache.struts.action.TestDynaActionForm" name="testIndexedInitialize" time="0.002"/>
  <testcase classname="org.apache.struts.action.TestDynaActionForm" name="testScalarInitialize" time="0.001"/>
  <testcase classname="org.apache.struts.action.TestDynaActionForm" name="testGetDescriptorArguments" time="0.002"/>
  <testcase classname="org.apache.struts.action.TestDynaActionForm" name="testGetDescriptorBoolean" time="0.002"/>
  <testcase classname="org.apache.struts.action.TestDynaActionForm" name="testGetDescriptorDouble" time="0.002"/>
  <testcase classname="org.apache.struts.action.TestDynaActionForm" name="testGetDescriptorFloat" time="0.001"/>
  <testcase classname="org.apache.struts.action.TestDynaActionForm" name="testGetDescriptorInt" time="0"/>
  <testcase classname="org.apache.struts.action.TestDynaActionForm" name="testGetDescriptorLong" time="0.001"/>
  <testcase classname="org.apache.struts.action.TestDynaActionForm" name="testGetDescriptorSecond" time="0.002"/>
  <testcase classname="org.apache.struts.action.TestDynaActionForm" name="testGetDescriptorShort" time="0.002"/>
  <testcase classname="org.apache.struts.action.TestDynaActionForm" name="testGetDescriptorString" time="0.002"/>
  <testcase classname="org.apache.struts.action.TestDynaActionForm" name="testGetDescriptors" time="0.001"/>
  <testcase classname="org.apache.struts.action.TestDynaActionForm" name="testGetIndexedArguments" time="0.002"/>
  <testcase classname="org.apache.struts.action.TestDynaActionForm" name="testGetIndexedValues" time="0.002"/>
  <testcase classname="org.apache.struts.action.TestDynaActionForm" name="testGetMappedArguments" time="0.001"/>
  <testcase classname="org.apache.struts.action.TestDynaActionForm" name="testGetMappedValues" time="0.002"/>
  <testcase classname="org.apache.struts.action.TestDynaActionForm" name="testGetSimpleArguments" time="0.001"/>
  <testcase classname="org.apache.struts.action.TestDynaActionForm" name="testGetSimpleBoolean" time="0.001"/>
  <testcase classname="org.apache.struts.action.TestDynaActionForm" name="testGetSimpleDouble" time="0.001"/>
  <testcase classname="org.apache.struts.action.TestDynaActionForm" name="testGetSimpleFloat" time="0.002"/>
  <testcase classname="org.apache.struts.action.TestDynaActionForm" name="testGetSimpleLong" time="0.001"/>
  <testcase classname="org.apache.struts.action.TestDynaActionForm" name="testGetSimpleShort" time="0.002"/>
  <testcase classname="org.apache.struts.action.TestDynaActionForm" name="testGetSimpleString" time="0.001"/>
  <testcase classname="org.apache.struts.action.TestDynaActionForm" name="testMappedContains" time="0.002"/>
  <testcase classname="org.apache.struts.action.TestDynaActionForm" name="testMappedRemove" time="0.001"/>
  <testcase classname="org.apache.struts.action.TestDynaActionForm" name="testResetGet" time="0.001"/>
  <testcase classname="org.apache.struts.action.TestDynaActionForm" name="testResetPost" time="0.002"/>
  <testcase classname="org.apache.struts.action.TestDynaActionForm" name="testSetIndexedArguments" time="0.002"/>
  <testcase classname="org.apache.struts.action.TestDynaActionForm" name="testSetIndexedValues" time="0.001"/>
  <testcase classname="org.apache.struts.action.TestDynaActionForm" name="testSetMappedValues" time="0.001"/>
  <testcase classname="org.apache.struts.action.TestDynaActionForm" name="testSetSimpleBoolean" time="0.002"/>
  <testcase classname="org.apache.struts.action.TestDynaActionForm" name="testSetSimpleDouble" time="0.001"/>
  <testcase classname="org.apache.struts.action.TestDynaActionForm" name="testSetSimpleFloat" time="0.001"/>
  <testcase classname="org.apache.struts.action.TestDynaActionForm" name="testSetSimpleInt" time="0.001"/>
  <testcase classname="org.apache.struts.action.TestDynaActionForm" name="testSetSimpleLong" time="0.001"/>
  <testcase classname="org.apache.struts.action.TestDynaActionForm" name="testSetSimpleShort" time="0.001"/>
  <testcase classname="org.apache.struts.action.TestDynaActionForm" name="testSetSimpleString" time="0"/>
  <testcase classname="org.apache.struts.action.TestDynaActionForm" name="testConfigAdd" time="0.003"/>
  <testcase classname="org.apache.struts.action.TestDynaActionForm" name="testConfigCreate" time="0"/>
  <testcase classname="org.apache.struts.action.TestDynaActionForm" name="testConfigDuplicate" time="0"/>
  <testcase classname="org.apache.struts.action.TestDynaActionForm" name="testConfigInitialValues" time="0"/>
  <testcase classname="org.apache.struts.action.TestDynaActionForm" name="testConfigProperties" time="0.001"/>
  <testcase classname="org.apache.struts.action.TestDynaActionForm" name="testConfigRemove" time="0.001"/>
  <testcase classname="org.apache.struts.action.TestDynaActionForm" name="testClassCreate" time="0"/>
</testsuite>